(node:36785) [DEP0180] DeprecationWarning: fs.Stats constructor is deprecated.
(Use `node --trace-deprecation ...` to show where the warning was created)
[ info ] Hello world from "EmailSanitation"
Domínio gmail.com é conhecido e considerado válido.
Domínio hotmail.com é conhecido e considerado válido.
Domínio YAHOO.COM.BR é conhecido e considerado válido.
Domínio OUTLOOK.COM é conhecido e considerado válido.
Domínio BOL.COM.BR é conhecido e considerado válido.
uol.com.br
ig.com.br
Domínio YAHOO.COM é conhecido e considerado válido.
Domínio LIVE.COM é conhecido e considerado válido.
Domínio TERRA.COM.BR é conhecido e considerado válido.
manausambiental.com.br
Domínio ICLOUD.COM é conhecido e considerado válido.
Domínio GLOBO.COM é conhecido e considerado válido.
systeminteract.com.br
flexcontact.com.br
Domínio outlook.com é conhecido e considerado válido.
alphavox.com.br
zipmail.com.br
Domínio AOL.COM é conhecido e considerado válido.
Domínio MSN.COM é conhecido e considerado válido.
tem.com.br
correioweb.com.br
predialadm.com.br
mtv.com.br
cidadeinternet.com.br
Domínio R7.COM é conhecido e considerado válido.
gmai.com
pmm.am.gov.br
imobiliariametropole.com.br
cdlmanaus.com.br
ifpi.edu.br
pop.com.br
petrobras.com.br
correios.com.br
me.com
forum.ufrj.br
sefaz.pi.gov.br
nao.com
armazemparaiba.com.br
br.inter.net
grupocarvalho.com.br
homail.com
hi2.in
click21.com.br
veloxmail.com.br
hotmal.com
facebook.com
nao.com.br
bb.com.br
linkbr.com.br
seduc.net
rocketmail.com
flexcontact.com
hotamil.com
htmail.com
rochaerocha.com.br
bool.com.br
honda.com.br
bnb.gov.br
cabralgama.com
canadaveiculos.com.br
osite.com.br
email.com
hotmial.com
tjpi.jus.br
systemmarketing.com
alphavox.com
tutopia.com.br
gmeil.com
bemol.com.br
embrapa.br
halcaimobiliaria.com.br
mar.com.br
ig.com
inss.gov.br
bradesco.com.br
gns.com.br
uol.com
ufpi.br
speedy.com.br
webone.com.br
patrimonial.adm.br
saude.gov.br
eletrobraspiaui.com
trf1.jus.br
meionorte.com
unimedteresina.com.br
outlook.pt
ufam.edu.br
embratel.com.br
netpar.com.br
hot.com
agu.gov.br
outloock.com
univelox.com.br
uninovafapi.edu.br
Domínio PROTONMAIL.COM é conhecido e considerado válido.
mailbr.com.br
ambev.com.br
guiando.com.br
outllok.com
marinha.mil.br
crc.net.br
ibge.gov.br
gail.com
onda.com.br
samsung.com
medimagem.com.br
sotreq.com.br
gmsil.com
jeltaveiculos.com.br
compuserv.com.br
humanasaude.com.br
pi.sebrae.com.br
meirelesefreitas.com.br
aegea.com.br
viaparisnet.com.br
semed.manaus.am.gov.br
secrel.com.br
hydro.com
hotamail.com
hotsat.com.br
icloud.com.br
outook.com
tce.pi.gov.br
construtorajurema.com.br
atacadao.com.br
alemanhaveiculos.com.br
direcional.com.br
rotmail.com
halleysa.com.br
receita.fazenda.gov.br
estacio.br
uai.com.br
folha.com.br
jabil.com
suhab.am.gov.br
prf.gov.br
credishop.com.br
cprm.gov.br
pintos.com.br
grupomateus.com.br
infolink.com.br
hotnail.com
construtorarivello.com.br
fiocruz.br
saomarcos.org.br
gimail.com
trt11.jus.br
houston.com.br
hotlook.com
rsi.com.br
tbl.com.br
yahoo.fr
sefaz.am.gov.br
hotimail.com
grupoluauto.com.br
yopmail.com
fieam.org.br
pi.senac.br
hitmail.com
gotmail.com
aguasdeteresina.com.br
fortalnet.com.br
r7.com.br
yamaha-motor.com.br
simonet.com.br
ieg.com.br
manausimovel.com.br
solnascentemotos.com.br
portochibatao.com.br
life.com
hotlink.com.br
sobralnet.com.br
pecicero.com.br
newland.com.br
cedae.com.br
adventistas.org
importadorasumare.com.br
pg.com
am.senac.br
aadvance.com.br
gmx.net
tpv-tech.com
cnmotos.com.br
amazonaco.com.br
sapo.pt
prolagos.com.br
dombarreto.g12.br
planaltopetroleo.com.br
yahoo.co.uk
yahoo.com.ar
usp.br
ciclocairu.com.br
outolook.com
grupotapajos.com.br
telefonica.com
fogas.com.br
mcarvalho.com.br
grupocanopus.com.br
coifeodonto.com
outllook.com
quadrangular.com.br
ittnet.com.br
riachuelo.com.br
servi-san.com.br
acmanaus.com.br
predialnet.com.br
anatel.gov.br
jcam.com.br
(node:36785) [DEP0118] DeprecationWarning: The provided hostname "" is not a valid hostname, and is supported in the dns module solely for compatibility.
(Use `node --trace-deprecation ...` to show where the warning was created)
centroin.com.br
terra.com
klik.com.br
grupocetseg.com.br
construtorasucesso.com.br
adjuve.com.br
gruposimoes.com.br
yahoo.it
representacoesrer.com.br
sicoob.com.br
medplan.com.br
sacavalcante.com.br
serpro.gov.br
grupofranly.com.br
samerimobiliaria.com.br
razengenharia.com.br
sinduscon-al.com.br
davincihotel.com.br
transhernandes.com.br
marmovidro.com.br
web.de
leeching.net
trt16.jus.br
gconte.com.br
saude.pi.gov.br
lafarge.com
hotmaol.com
viacaosaopedro.com
pdg.com.br
light.com.br
ejcrefrigeracao.com.br
kodak.com
jsbdistribuidora.com.br
aguasdemanaus.com.br
pimentabueno.ro.gov.br
uniaobrasil.org.br
lojasnoroeste.com.br
gov.br
hotmaiil.com
libero.it
am.sebrae.com.br
lembra.com
aleam.gov.br
se.com
objetivopi.com.br
infonet.com.br
viamarconi.com.br
brasiltecnologia.net.br
hsp.com.br
mailcity.com
sfiec.org.br
sadia.com.br
roffor.com.br
tre-am.jus.br
cimentoapodi.com.br
credipi.com.br
hotmaul.com
amee.com.br
hiroshima.com.br
grupopmz.com.br
elo.com.br
vale.com
ccncertificadora.com.br
outlokk.com
kazoly.com.br
nettravelrm.com.br
exatacargo.com.br
colegioinove.com.br
oratelecom.com.br
glacial.com.br
nortimoveis.com.br
ncr.com
esmg.com.br
ciesa.br
cbtu.gov.br
gtmail.com
imoveisveneza.com.br
leomadeiras.com.br
tre-pi.jus.br
cajueiromotos.com.br
medhaus.med.br
carrefour.com
rock.com
caloi.com
eucatur.com.br
barataodacarne.com.br
ipiranga.com.br
geocities.com
eloengenharia.net
Domínio yahoo.com.br é conhecido e considerado válido.
iclood.com
florianonet.com.br
adobenet.com.br
lerote.com.br
annex.com.br
yhaoo.com
electrolux.com.br
gma.com
cemig.com.br
samel.com.br
outloook.com
wikitelecom.com.br
netuno.com.br
sky.com.br
telecomam.com.br
livre.com.br
sefin.ro.gov.br
starmedia.com
caixacrescer.com.br
jrm.com.br
agi.com.br
gmamail.com
quitandafreitas.com.br
unisys.com.br
engeco.com.br
tbforte.com.br
cnec.br
kasinski.com.br
grupochibatao.com.br
beconal.com.br
fapema.br
cultura.am.gov.br
accenture.com
ariquemes.ro.gov.br
gemil.com
gigalink.com.br
certto.com.br
acritica.com.br
hospitaldoolho.com
sensoengenharia.com.br
marvel.com.br
imagemsat.com.br
kds.com.br
mmvpneus.com.br
amazon.com.br
sesipr.com.br
mobimark.com.br
desinsetlagos.com.br
wipecaseservicos.com.br
construtoracapital.com.br
brf-br.com
br.com.br
setorzero.com.br
grupocasal.com.br
yahoo.de
remacmais.com
yahoo.es
dkimoveis.com
dodoveiculos.com.br
agibank.com.br
cassi.com.br
reconcretpi.com.br
teracom.com.br
newmd.com.br
yours.com
yahho.com
fiscaliza.com.br
administradoraajr.com.br
controladoriabaldoino.com.br
buriti.com.br
concremat.com.br
furnas.com.br
castroredes.com.br
hotrmail.com
coesacs.com.br
acritica.com
centromusical.com.br
moinhopiaui.com.br
qualypet.com.br
waldemarfernandes.com.br
fdb.org.br
mprj.mp.br
gmaisl.com
mdslogistica.com.br
palasatena.g12.br
maxdomini.com.br
unimedfama.com.br
liv.com
rymo.com.br
hoitmail.com
andradegc.com.br
iff.fiocruz.br
promon.com.br
grupobrasanitas.com.br
oglobo.com.br
atarde.com.br
suzano.com.br
carmensteffens.com.br
procedimoveis.com.br
yahoo.ca
altlook.com
outelook.com
konkrex.com.br
taroba.com.br
firjan.com.br
proton.me
frigotil.com.br
huawei.com
seculomanaus.com.br
kfe.com.br
lcmconstrucao.com.br
marisa.com.br
vivanne.com.br
martinsimport.com.br
molinaadvogado.adv.br
tumpex.com.br
tecmon.com
contact.com.br
infocenter.com.br
livi.com
zilton.com.br
isp.com.br
nacionalgas.com.br
bndes.gov.br
bgl.com.br
isn.com
meneportella.com.br
panalpina.com
tecnisa.com.br
iron.com.br
barroforte.com.br
supernovacidade.com.br
conexaoeng.com
frosty.com.br
campanaderechoeducacion.org
fontetelecom.com.br
mac.com
livrarialira.com.br
tecnoinfra.com.br
tapajosperfumaria.com.br
amazoncopy.com.br
amplanet.com.br
gimma.com.br
syslae.com.br
eletrobras.com
seucanto.com.br
nafesta.com.br
holtmail.com
portobelloshop.com.br
linharesecastro.com.br
asatecnologia.com
orbitall.com.br
doaltoelevadores.com.br
vivo.com
disalpialuminio.com.br
hootmail.com
avipec.com.br
sinos.net
bragaveiculos.com.br
fametro.edu.br
fnn.net
oultlook.com
mgconecta.com.br
ranet.com.br
remax.com.br
live.it
vanguardaengenharia.com
ufba.br
redehds.com.br
outoolk.com
razaocontab.com
aes.com
hotmal.com.br
atlanticahotels.com.br
unip.br
mpam.mp.br
3coracoes.com.br
me.com.br
itsinternational.com.br
rtashiro.com.br
padraodevida.com.br
sagaconstrutora.com
ifm.com.br
caaaluminio.com.br
tiscali.it
outilook.com
amazongas.com.br
grupocev.com
amcpublicidade.com.br
ecletica.net
sicredi.com.br
ariquemes.com.br
embarqueturismo.com.br
mtaboca.com.br
antena10.com.br
coplastam.com.br
arosport.com.br
stilloimob.com.br
esbam.edu.br
yahoo.com.mx
slb.com
iwon.com
brasfort.com.br
iacil.com.br
gmqil.com
civilcorp.com.br
musashi.com.br
shell.com
waydesign.com.br
uespi.br
gilbertocampelo.com.br
difelicia.com.br
bcb.gov.br
cauam.gov.br
terrabella.com.br
lave.com
adv6.com.br
asjur.com.br
magistral-am.com.br
grupoomar.com
sorrifacil.com
quick.com.br
rochaepaiva.com.br
grupovda.com.br
maestria-edu.com
ebc.com.br
hptmail.com
d2dtecnologia.com.br
norclima.com
aguasdoamazonas.com.br
nuxnet.com.br
unidiferencial.com.br
up.the.br
tba.com.br
kerry.com
inabrasil.org.br
edsonrosasadvocacia.com.br
paudarco.com
crawfordbrasil.com.br
mec.gov.br
wa.com
carmais.com.br
hortifruti.com.br
domain.com.br
google.com
energoato.com.br
gmali.com
madraconstrutora.com.br
incloud.com
bancariosdf.com.br
fas-amazonas.org
minasegoncalves.com.br
mls.com.br
netusesystem.com.br
tjro.jus.br
oticaveja.com.br
arcontabilidade-am.com.br
abe.com.br
tvla.com.br
e-torres.com.br
distribuidorayork.com.br
redefox.com.br
tlsa.com.br
mangels.com.br
macedofortes.com.br
palladiumveiculos.com.br
directcontabilidade.com
ellocondominio.com.br
romanimoveiscabofrio.com.br
computrade.com.br
jmail.com
canel.com.br
atitudegrupo.com.br
facilitainveste.com.br
solimoes.com.br
construtoramadel.com.br
wk.com
alvok.com.br
bmgfoods.com.br
goepi.org.br
casadoconstrutor.com.br
outlook.fr
creci-am.gov.br
salcomp.com
gentebanco.com.br
klabin.com.br
mauriferreira.com
dansulfoods.com.br
alunorte.net
rd.com.br
ni.com.br
igui.com
navbrasil.gov.br
onca.com.br
abbott.com
dasilva.com
sercomtel.com.br
markoinformatica.com.br
realimoveisrj.com.br
net.com.br
totvs.com.br
cmmeng.com.br
gmx.ch
prestatti.com.br
accolade.com.br
vilarejo.com.br
homtial.com
lojasdular.com.br
ralvescontabilidade.com.br
emiliohonorato.com
honolulu.com.br
contadgestaocontabil.com.br
construtoracapital.com
fllocacoes.com
itacor.com.br
uemasul.edu.br
mail.org
universal.org.br
betalife.com.br
rapidomarajo.com.br
bancomonetiza.com.br
nol.com.br
apoiobroker.com.br
unir.br
theforense.com.br
grupo4mares.com.br
editorasaraiva.com.br
santamartha.com.br
augustorepresentacoes.com.br
fox.com
bombril.com.br
samexpress.com.br
hotmaim.com
prodepi.com.br
mgrdistribuidora.com.br
hoteismarina.com.br
fasano.com.br
escola.pr.gov.br
linde.com
adria.com.br
multifachadas.com.br
rrcontas.com.br
koprovski.com.br
jotal.com
jepengenharia.com
vialink.com.br
moinhoregio.com.br
gtlagos.com.br
swissonline.ch
institutogpi.com
valeverdeturismo.com.br
cbaa-asfaltos.com.br
superavitcontabilidade.com.br
ultramoveis.com.br
microsoft.com
ticket.com.br
mikitos.com.br
igs.com.br
technohelp.com.br
selvapublicidade.com.br
rcbotelho.com.br
carreirarh.com
cfh.com.br
realtapecaria.com.br
hm.emp.br
centerline.com.br
extand.com.br
realtransporte.com.br
construtoraandradejunior.com.br
kwbrasil.com.br
curriculum.com.br
palaciodosleiloes.com.br
proxy.com.br
clubenet.com.br
centroimagempi.com.br
vento.com.br
aquabid.com
jpmorgan.com
rezendecaminhoes.com.br
gbl.com.br
gchama.com.br
santairreverencia.com.br
brnet.com.br
construtoramedina.com.br
principioativo.far.br
armazemparaiba.com
djmp.com.br
ufv.br
vitoriahoteis.com.br
litucera.com.br
pedragon.com.br
shoppingdoscomponentes.com.br
marcant.com.br
zafracorrespondente.com.br
cbmerj.rj.gov.br
ird.gov.br
yooh.com.br
monahotel.com.br
gruponefarma.com.br
casasdomar.com.br
casadomotorista.com.br
pfizer.com
rrempreendimentos.com.br
floripa.com.br
nordmac.net
ufrgs.br
fetagpi.org.br
grupotupa.com.br
visamseguranca.com.br
makro.com.br
dmi-pi.com.br
leacontabeis.cnt.br
globalauditores.com.br
teresinaagricola.com.br
solar.com.br
amaggi.com.br
fia.com.br
dasa.com.br
jtconsultoria.com.br
orolix.com.br
jda.com
japanmotos.com.br
marbrasa.com.br
femar.org.br
toledobrasil.com.br
transrodrigo.com
caciquepneus.com.br
coencil.com.br
solvay.com
hotimail.com.br
alm.com
tropicalhotel.com.br
circuitosengenharia.com.br
interact.com.br
grax.com.br
oscontabilam.com.br
montreal.com.br
iclooud.com
medicardio.com.br
bioline.com.br
novacomunicacao.net
belleacoustique.com.br
alfalaval.com
amrj.mar.mil.br
tubaraorio.com.br
redesato.com
ml.com
trt16.gov.br
gm.com
yawl.com.br
grupobrisanet.com.br
energiletrica.com.br
microsiga.com.br
copperline.com.br
pixie.co.za
hydraulics.com.br
saude.am.gov.br
defesa.gov.br
supergasbras.com.br
ometac.com.br
totmail.com
gmaol.com
cybernetpro.com.br
cruzeironovo.com.br
r2tecno.com.br
poticap.com.br
transcleber.com.br
sandmar.com.br
alaska.edu
vsp.com.br
consultab-am.com.br
persogo.com.br
cepel.br
outllok.com.br
marazulimobiliaria.com.br
idealcontabilidade.net
visiontec.com.br
larbatistamanaus.org
verifica.com.br
uniodonto.com.br
somosicev.com
marista.edu.br
amorsaude.com
life.com.br
linkway.com.br
hospitalhti.com
marivaldo.com.br
lagosnet.com.br
sebraerj.com.br
grupopericia.com.br
swissport.com.br
oultook.com
mouramacae.com.br
chiptecnologia.com.br
hotelanacassia.com.br
toyosetal.com
iesc.ufrj.br
nbb.com.br
soeicom.com.br
free.fr
translarmao.com.br
uft.edu.br
bn.com.br
kitchens.com.br
tutiplast.com.br
jarabe.com
bergamoengenharia.com.br
dcc.ufmg.br
icoud.com
karolainecred.com.br
hidrauar.com.br
tematransportes.com.br
indt.org.br
athletic.com.br
portoblue.com.br
cnamazon.com.br
hortmail.com
timefitacademia.com.br
martins.com.br
godoisouza.com.br
i9engenharia.com
iclou.com
metalurgicaesplanada.com.br
abril.com.br
tuboacos.com.br
leitte.com.br
marata.com.br
portaldoseguro.com.br
xtec.com.br
fepiaui.org.br
facilitanegocios.srv.br
unifsa.com.br
dotum.com.br
adalexconstrutora.com.br
transeguro.com.br
cap.eng.br
deciofreire.com.br
alimentacomercio.com.br
loppiano.com.br
bradescoseguros.com.br
contax.com.br
fqm.com.br
cemedimagem.com.br
ilhabranca.com
fbnovas.edu.br
lishotel.com.br
gdmplasticos.com.br
grupoavenida.com.br
fermatecferragens.com.br
unidas.com.br
fachesf.com.br
assessoriareal.com.br
sapecaautopecas.com.br
ceiconsultoria.com
vivaintercambio.com.br
iname.com
modamercatto.com.br
girovendas.net.br
greco.com.br
netpoint.com.br
gclnet.com.br
oulook.com
grupoboticario.com.br
oncocenterpiaui.com.br
bodytech.com.br
flexmodular.com
socic.com.br
gomes.com.br
adufpi.org.br
gmeio.com
vippapeis.com.br
hotelariaexecutivos.com.br
isovapor.net.br
saojoseteresina.com.br
imprimix.com.br
ioc.fiocruz.br
portaln.com.br
apipa.com.br
agilizamarcas.com.br
camil.com.br
demagruas-hormiga.com.mx
galpaomanaus.com.br
rolnorte.com.br
rioja.com.br
catral.com.br
zastrasbrinquedos.com.br
afkservice.com.br
peninsulabuzios.com.br
parnet.com.br
clik.com.br
flemail.ru
canopusconstrucoes.com.br
sedex.com
hohmai.com
audreymagalhaes.com.br
foznet.com.br
mercatto.com.br
coagru.com.br
tecplam.com.br
hsbc.com.br
ccaa.com.br
der.pr.gov.br
rhfacilpromo.com.br
ufc.br
gelme.com
gmaiol.com
parquebalneario.com.br
ggoliveira.com.br
novonet.com.br
johariconsultoria.com.br
fortes.ind.br
simtech.com.br
band.com.br
artpan.com.br
madresavina.com.br
focusgr.com.br
hoimail.com
ribeirosoares.com.br
poleam.com.br
sultan.com.br
indusflora.com.br
mamute-am.com.br
vvrefeicoes.com.br
bioanalise.com.br
mentorconstrucao.com.br
econe.com.br
graficalima.com.br
cdlmanaus.org.br
grupotecnoset.com.br
csc.com
sumidenso.com.br
modularempreendimentos.com.br
tjpe.jus.br
poli.ufrj.br
estalagemdoporto.com.br
bsd.com.br
iesmaterdei.com.br
cmb.gov.br
falconrheconsultoria.com.br
yayoo.com
grupopontual.com.br
technet.com.br
prosegur.com
mdnet.com.br
ultragaz.com.br
carvalhogn.com
bluetree.com.br
mobtelecom.com.br
estreladamanha.com.br
saojose.com.br
rioeduca.net
vibraenergia.com.br
cristalimage.com.br
mills.com.br
intangiveis.com.br
soacoindustrial.com.br
fsanet.com.br
agenciadigital.com.vc
unilab.ind.br
sfr.fr
hotmaiol.com
graficandrade.com.br
blautour.com.br
dataprom.com
idest.com.br
gbrcomponentes.com.br
vilanovacorretora.com.br
leks.com.br
hottmail.com
mova.vc
ramos.com
gasmig.com.br
grupocr.com.br
solivros.com.br
mindsidiomas.com.br
taxigolfinho.com.br
rangel.com.br
kempf.com.br
faceboook.com
extrafarma.com.br
itacor.com
blossomconsult.com
mfempreendimentos.com.br
live.nl
viprioseguros.com.br
sunxtronic.com.br
novaimoveiscabofrio.com.br
falpe.com
desinflex.com.br
edr.com.br
inteligweb.com.br
lagossoftware.com.br
ucp.br
schak.com.br
egolfinhos.com.br
ems.com.br
axtron.com.br
actualam.com.br
protege-engenharia.com.br
uva.br
colatina.es.gov.br
lubnortebrasil.com.br
arrodriguez.com.br
opticasitamaraty.com.br
sapropaganda.com.br
siemens.com.br
caniljardimsilva.com
allianz.com.br
thesims.com.br
fundec.com.br
alphavilleteresina.com
admnova.com.br
paulus.com.br
seinfra.am.gov.br
aiclod.com
markarepresentacoes.com.br
dmarcos.com.br
threvoimoveis.com.br
gruposh.com.br
audicenterteresina.com.br
cloud.com
jkone.com.br
religiaodedeus.org
hidroeletricacenter.com.br
outlook.co
multimicroautomacao.com.br
direcional.com.br
gobo.com
sodexo.com
pontodacamisa.com.br
mabtourviagens.com
samcursos.com.br
grendene.com.br
apaepa.org.br
vanvera.com.br
araujodiesel.com.br
abadai.com.br
theimobiliaria.com
executivacontabilidade.net.br
atem.com.br
abctudo.com.br
engeplan.com.br
japanveiculos.com.br
cdlteresina.com.br
fiemg.com.br
copygraf.com.br
napoleaoadv.com.br
estadao.com.br
sqservicos.com.br
yahoo.co
corenam.gov.br
kofre.com.br
maccomevap.com.br
trulynolen.com.br
sigmanet.com.br
performancengenharia.com.br
claudioetges.com.br
laborexame.com.br
psi.com.br
contatoweb.com.br
freesegur.com.br
ipscontabilidade.com
netflash.com.br
norteempreendimentos.net
yaho.com.br
senado.gov.br
grupobomjesus.emp.br
joterpi.com.br
jln.com.br
gemeil.com
diplomata.com.br
afx.com
farmaciasftb.com
aneel.gov.br
nortecargas.com.br
outluk.com
venturatelecom.com.br
rolimdemoura.ro.gov.br
nutrane.com.br
alcaf.com.br
hotmai9l.com
procampus.com.br
radiostronda.com
grupomil.com.br
rugidodoleao.com.br
sitiosaobenedito.com.br
lumeonline.com.br
andradesouza.com.br
trioalimentos.com.br
sebraesp.com.br
fidelity.com.br
lsbwebinfo.com.br
ezentis.com
iccrp.org.br
milcarlocadora.com.br
cordeiro.com.br
peno.coppe.ufrj.br
vipecontabil.com.br
gml.com.br
qualimixalimentos.com.br
fabricademosaicos.com.br
fmabrm.org.br
gastal.com.br
g3pi.com
swedishmatch.com.br
medsalva.com.br
sodecia.com
unimes.com.br
arasoft.com.br
live.cl
unifrango.com
wvengenharia.com.br
nexte.com
icluod.com
hispanialinguas.com.br
jornalodia.com.br
innova.com.br
eletricapj.com.br
coan.com.br
unemat.br
acocil.com.br
sigmaxpi.com.br
iguassu.com.br
ags.com.br
argx.com.br
globalcargo.com.br
mcombustiveis.com.br
santonio.com.br
seplag.mt.gov.br
recantodapaz.com
puras.com.br
ipsis.com.br
agmseguros.com.br
gallafassi.com.br
senalbapg.com.br
fti.com.br
kawasakibrasil.com
Domínio live.com é conhecido e considerado válido.
elizeumartins.com.br
autotrac.com.br
auf.org
adibo.com.br
servicar.com.br
tavola.com.br
dba.com.br
pensecred.com.br
mafrensemaquinas.com.br
igrejadorecreio.org.br
fundimec.com.br
habg.com.br
zipsaude.com.br
mdat.com.br
flowserve.com
ocres.net
bangtoys.com.br
rainhaisabel.com.br
colorobbia.com.br
vergroup.com.br
mundialdist.com.br
mpma.mp.br
uool.com.br
eram.com.br
houer.com.br
ibtinc.com
barreto.com.br
clinilabam.com.br
sinape.com.br
bemsolucoes.com.br
brandy.com.br
nader.com.br
percol.com.br
homail.com.com
foster.com.br
beny.com.br
mcs.com.br
acontcontabil.com
hotimal.com
institutoanahickmann.com.br
macsoftinfo.com.br
mmv13.com.br
acit.com.br
anhangueraferramentas.com.br
sabesp.com.br
heineken.com.br
outlkoo.com
ifnet.com.br
technologist.com
out.com.br
liberalseguros.com.br
praticonet.com.br
argo.com
dell.com
ace-sc.com.br
canoense.com.br
itaporanga.com.br
autofax.com.br
novared.cl
amorimvedacoes.com.br
connectmed.com.br
aneethun.com
amazonetiqueta.com.br
executiveflat.com.br
redomino.com
agroam.com.br
otis.com
gruporsa.com.br
com4.com.br
cursobiblico.com.br
ailha.com.br
ie.ufrj.br
rocketemail.com
gmaiel.com
fiorde.com.br
funarte.gov.br
esmepi.org.br
arquitetasophia.com
tanet.com.br
samot.com.br
controle-am.com.br
mcrtecnologia.com
gruporosinetos.com
foxtelecomunicacoes.com.br
ma.sebrae.com.br
imerys.com
braspress.com.br
lavamais.com.br
mpaixao.com.br
libis.com.br
touchofclass.com.br
sunrise.ch
desinfast.com.br
cargotransportes.com.br
baixuvillage.com.br
ibbi.com.br
sextante.ind.br
mrn.com.br
gg-imoveis.com
brascrew.com.br
henrimarhelicopteros.com.br
macola.com.br
quanticabrasil.com.br
gustr.com
sunrise.com.br
valefeliz.com.br
itok.com
motivare.com.br
hotelcastelar.com.br
palowa.com.br
pousadaamazonia.com.br
trt8.jus.br
multiplacvisual.com.br
gineco.med.br
transamerica.com.br
sedecti.am.gov.br
laviniense.com.br
santaclaraensino.com.br
mmsantos.com.br
cide.org.br
co2zero.eco.br
portofino.com.br
doew.at
nortplast.com.br
ems.psu.edu
urca.br
dc.ind.br
multpex.com.br
holistica.com.br
cervejaimperio.com.br
magioli.com
maxproj.com.br
xmi.com.br
epimacae.com.br
hotelprincipe.com.br
fortinox.com
arapongas.com.br
acib.com.br
transroute.com.br
liliane.com.br
vetvale.vet.br
daniembalagens.com.br
lions.com.br
mdpapeis.com.br
brasileirinhas.com.br
culturainglesamanaus.com.br
rj.gov.br
cbpm.com.br
metalfecho.com.br
rambeer.com.br
yaroo.com
quedasdagua.com.br
netwalk.com.br
flamex.com.br
realfood.com.br
mg-exim.com.br
rci.com.br
iigd.com.br
betrock.com
cck.com.br
stn.com.br
fenixnet.com.br
serrasmelo.com.br
compuletra.com.br
bemismfg.com
opas.org.br
dmi.com
okeimoveis.com.br
grupomagister.com.br
sindiconet.com.br
credip.com.br
pontanegra.com.br
cesar.org.br
sergiolemos.com
yupimail.com
contabilidadeunipress.com.br
hotelpraiadosanjos.com.br
rnp.br
aguascalientes.gob.mx
deltageo.com.br
artven.com.br
upei.com.br
pge.am.gov.br
techs.com.br
live.fr
viacometa.com.br
metalink.com.br
magnaniimoveis.com.br
casadoautoeletrico.com.br
paradisetur.com.br
uniara.com.br
globbo.com
startupsolar.com.br
yhoo.com
carmoucheinsurance.com
rms.com.br
fermen.to
ufs.br
centervansemicros.com.br
portodabarrabuzios.com.br
grupounipar.com.br
live20.com
pacificlog.com.br
100porcentolog.com.br
macaubas.com
ofm.com.br
brabec.com.br
pbase.com
corretoraideal.com.br
provesul.com.br
ocrim.com.br
bcpengenharia.com.br
orlatelecom.com.br
arris.com
conectanet.com.br
welcome.com.br
mirandex.com.br
casacivil.am.gov.br
maxpelam.com.br
anaterra.com.br
rech.com.br
pamphili.com.br
aseconcontabil.com.br
hildaferreira.com.br
sitari.com.br
alegrete.com.br
motamachado.com.br
laurimar.com.br
stefanini.com
contacab.com.br
digix.com.br
metrorio.com.br
crp21.org.br
actech.com.br
twin-net.com.br
skydome.net
ronaconsultoria.com.br
andressaleao.com.br
grupoconcrenorte.com.br
mascat.com.br
acessoriosfs.com.br
asbrasil.com.br
leonardo.com
amartins.net
ipcms.com.br
trilhadagua.com.br
vaninanemer.com.br
confispa.com.br
netonne.com.br
bretanha.com.br
turbocenter.com.br
socorrocarvalho.com.br
uchoateresinahotel.com
dentsday.com.br
condominiomondrian.com
hubbell.com
silveiraecaete.com.br
selecta.com.br
bancamediolanum.it
fidelize.com.br
contabilidadeprecisa.com.br
dixietoga.com.br
ramosilva.com.br
micra.com.br
novodisc.com.br
pousadapraiadabaleia.com.br
directwifi.com.br
urbapi.com.br
ceert.org.br
profarma.com.br
domesticalegal.com.br
jladm.com.br
vicaltransportes.com.br
ripelreciclagem.com.br
casabarrosalimentos.com.br
solsticioenergia.com
fribal.com.br
garciakeener.com.br
victori.com.br
sitiodaserra.com
mpro.mp.br
grupoexittus.com
infohouse.com.br
ms.senai.br
rdrefri.com.br
projesound.com.br
altran.com.br
shipset.com
mediahost.com.br
escolaespecial.com.br
microstar.com.br
rj.senac.br
grupodede.com
vedacit.com.br
websolute.com.br
gtsnet.com.br
alphavox.com.com
coimex.com.br
wartsila.com
amadeira.com.br
viamed.com.br
credicash.com.br
zenco.com.br
boc.eng.br
audi.com.br
gruporh.com.br
soft-cont.net
klabinimoveis.com.br
stellabarros.com.br
redel.com.br
keemail.me
nascimento.com
mscair.com
jdesouza.com.br
amsolucoesindustriais.com.br
accesscredito.com.br
prodimagem.com.br
distribuidoraello.com.br
clubemuquirana.com.br
76.com
amazontruck.net
brassetravel.com
starlog.com.br
mmservicecar.com.br
mitrio.com.br
cldrolamentos.com.br
emporionet.com.br
vibertelecom.com.br
sorveleite.com.br
portoveleiro.com.br
advtrabalhista.com.br
dalla.com.br
sode.com.br
tavaresnet.com.br
orientnet.com.br
giiro.com.br
bluewin.ch
atima.com.br
bottero.net
unicasamoveis.com.br
gmialo.com
pizzacash.com.br
nsfgrupo.com.br
contamaq.com.br
prodex.com.br
veraluciaimoveis.com
miix.com.br
nada.com
aembr.com.br
ops-empreendimentos.com.br
odia.com.br
ctdi.com
corpvs.com.br
tfttransportes.com.br
redomacapital.com.br
lcmaisconsultoria.com.br
pousadalaguna.com
battistuzzi.com.br
uneouro.edu.br
valfilm.com.br
airontools.com
audimedsaude.com.br
henriquesimoveis.com.br
verdequetequeroverte.com.br
supermercadojuma.com.br
dbv.com
chjtransportes.com.br
bentodeabreu.sp.gov.br
racco.com.br
amazoniaequatorial.org.br
3amangueiras.com.br
wcruz.com.br
ultratex.com.br
kroton.com.br
tjbengenharia.com.br
totalequipamentos.net.br
leplast.com.br
saint-gobain.com
barrasom.com.br
intech.com.br
boycenaturalhealth.com
grupoalexandre.com.br
misteragro.com
csu.com.br
tesla.com.br
moss4m.com.br
visitamazonas.com.br
flexcontac.com
coria.org
elopar.com.br
bemteviembuzios.com.br
fornecedoramaquinas.com.br
acontabilista.com.br
tiosam.zzn.com
asq.com.br
construtoramanhattan.com.br
unitedcar.com.br
zenitegrafica.com.br
ifac.edu.br
amazonlodge.com.br
allnet.com.br
nortel.com.br
casadoacrilico.com.br
paramedica.com.br
japura.com.br
rotmail.com.br
consertel.com.br
piauiserv.com.br
inocoop-pi.com
pousadaancoradeouro.com.br
harmoniamusical.com.br
papelimagem.com.br
nobregerencia.com
dccautomotive.com.br
distribuidoramundi.com
autocredam.com.br
servdrill.com.br
kompetenz.com.br
infinityces.com
cienciameditativa.com
tjdft.jus.br
inreach.com
tassalarmes.com.br
divel.com.br
cednet.com.br
minutoseguros.com.br
redefemininapi.org.br
vnet.com.br
459.com.com
jllocacao.com
rjnet.com.br
casaestofados.com.br
expertiseenergia.com.br
transguacuano.com.br
yaoo.com
rmpneus.com
florabeijaflor.com.br
sabaranet.com.br
acessoimobiliaria.com.br
supermercadosmundial.com.br
jb.com.br
vipleiloes.com.br
itapemirimcorp.com.br
fabel.edu.br
netlan.net
eibel.com.br
ivest.com.br
alvissecontabilidade.com.br
conviverurbanismo.com.br
linearseguros.com.br
4x4rentacar.com.br
egfama.com.br
canela.com.br
imobiliariaperez.com.br
cmsa.com.br
mirai.com.br
ciamuller.com.br
outloolk.com
qualicorp.com.br
debret.com
avalvorada.com.br
dcnet.com.br
buzin.com.br
maternidadedecampinas.com.br
wnhospitalar.com.br
emconambiental.com.br
tvativa.com
tjrn.jus.br
contagemorgcontabil.com.br
xn--hotmai-ncb.com
dickievirgin.com
technos.com.br
touaregseguros.com.br
anlagen.com.br
sindconmg.com.br
grupocei.com
lourencofilho.com.br
transcontinentalfm.com.br
rafaelpordeus.com.br
vilagio.com.br
mercadolivre.com
hietiquetas.com.br
indama.com.br
steriliza.com.br
fertipar.com.br
outloik.com
sgnet-rs.com.br
xba.com.br
suganit.com
sucessopublicidade.com.br
amazonervas.com.br
origamieventos.com.br
plamon.com.br
datamex.com.br
linsesilva.adv.br
bne.zzn.com
notmail.com
tributario.com
casadasmangueiras-am.com.br
recnev.com.br
grupoluni.com.br
pet.coppe.ufrj.br
cadore.com.br
kjkflorestal.com.br
construtoraarruda.com.br
aaaaa.com
avantcriativa.com.br
demorou.com.br
bahiamarela.com.br
spadassobrancelhas.com.br
planomais.com.br
horizontemoveis.com.br
hst.com.br
ortosintese.com.br
faesf.com.br
skygroupbr.com
lifeseguranca.com.br
audiper.com
atw.delivery
ibet.com.br
iu.com.br
paivacorp.com
convenienciadoscosmeticos.com
mvconstrucoes.com.br
agis.com.br
evangelista.com
yohoo.com
mmconsultores.net.br
lojasrenner.com.br
inbrameq.com.br
mdgfilmes.com.br
amazonclipper.com.br
glam.com.br
wol.com.br
itaqui.com.br
yaoou.com
system.com.br
hushmail.com
simplificapn.com
schiffer.com.br
stetsom.com.br
dtsdistribuidora.com.br
confiancarh.com.br
gafisa.com.br
distribuidoraprime.com.br
equilibriofarma.com.br
claudiofeitosa.com.br
losango.com.br
retire-it.com
mpc.com.br
controltax.com.br
gmzil.com
oskaras.com
labelpress.com.br
barcelonatecidoss.com.br
cesarweb.com.br
fioreta.com.br
eaportal.org
balimax.com.br
cobracnc.com.br
hospitalmilagres.com.br
praxedes-group.com
barrosofilho.com
mvconsultoria.com.br
protseg.com
edacos.com.br
bitcom.com.br
inf.ufsc.br
abimaq.org.br
cdlcl.com.br
mcve.org.br
lbv.org.br
excelsiorseguros.com.br
vibtech.com.br
granelmar.com.br
ootlook.com
cetro.com.br
laposte.net
ipaam.am.gov.br
qvartz.com
ideveloper.com.br
cavainfraestrutura.com.br
yahoo.com.com
positivo.com.br
hbsa.com.br
paypal.com
cwb.matrix.com.br
daido.com.br
liquigas.com.br
atrevo.com.br
chaconengenharia.com
bragaautocenter.com.br
manetoni.com.br
ateliedepropaganda.com.br
baroni.com.br
flipp.com.br
harbor.com.br
dudalina.com.br
intersuper.com.br
concrelongo.com.br
brasildistribuidora.com
superterminais.com.br
idaam.com.br
smaff.com.br
phdquimicadobrasil.com.br
cocobambu.com
artaluminioacm.com.br
macrolubpi.com.br
blokton.com.br
antares.com.br
grupogerbera.com.br
jtlog.com.br
luizasenna.com
dntbras.com.br
travessos.zzn.com
flopes.com.br
novolare.com.br
hotma.com
vrnatal.com.br
stetnet.com.br
palmital.sp.gov.br
emsmotores.com.br
kcc.com
raizen.com
bsi.com.br
jorpam.com.br
webmeta.com.br
aguas.com
unwomen.org
paraguacuengenharia.com.br
domboscomanaus.edu.br
iel-am.org.br
chateau.com.br
fili.com.br
padraosystem.com.br
helfont.com.br
siomcred.com.br
galuma.com.br
dermatus.com.br
pacificolog.com.br
autoshopteresina.com.br
tropicalparadise.com
lige.com
philco.com.br
policiamilitar.sp.gov.br
unyleya.com.br
facilitepromotora.com
contil.com.br
topnet.com.br
hospitaloftalmed.com.br
prarquivar.com.br
sonydadc.com
sayerminas.com.br
ocloud.com
culturainglesaribeirao.com.br
artedigitalinternet.com.br
sebraemg.com.br
ativopark.com.br
f9c.com.br
salvadorconvention.com.br
tcnet.com.br
schneider-electric.com
eclcontabil.com.br
glm.com
giralflex.com.br
pzo.com.br
updata.com.br
tinorte.com.br
diamondarmazem.com.br
translingua.com
fvl.com.br
invol.com.br
comperfil.ind.br
exemplo.com
hotmmail.com
mltechnik.com.br
jarauto.com.br
magmotores.com.br
workongroup.com.br
rbr-global.com
freedomservicos.com.br
hbsa.com.br
caiopimenta.com.br
stvbz.com
2000.com
eletroaquila.net
netguest.com
curingapneus.com.br
ketlog.com
oralsin.com.br
dermavita.com.br
janicelamas.com.br
veterinario.med.br
casinova.com.br
telecelula.com.br
paraisodoatlantico.com.br
portoseguro.com.br
usemix.com.br
solpro.biz
mariua.net
mendesemendes.com.br
ih.com.br
csservicosprediais.com.br
ccom.com.br
crefito14.org.br
lsi.usp.br
autoescolainterlagosrj.com.br
intergiro.com.br
zip.com.br
bestcarmanaus.com.br
gmx.de
csarh.com.br
carapebus.rj.gov.br
laboratorioreacao.com.br
redhotchilipeppers.com.br
vigor.com.br
ebserh.gov.br
hotmaik.com
mtprojetos.com.br
dpl.srv.br
cipasa.com
agencialev.com.br
villaamazonia.com
jacuipe.com.br
simers.org.br
europvc.com.br
dmartini.com.br
idoud.com
providamedical.com.br
caranaweb.com.br
teccom.com.br
merial.com
venac.com.br
ldschurch.org
imobiliariasantaclara.com.com
galpaorevestimentos.com.br
abrilcs.com.br
erbs.com.br
cocel.com.br
bancodaycoval.com.br
sead.am.gov.br
netgo.com.br
bangor.com.br
elsemiek.nl
tdnet.com.br
puc-rio.br
rpmaquinas.net.br
scodro.com.br
rfhunter.com
trelsa.com.br
brasifort.com.br
farol.edu.br
bdmail.com.br
protecautomacao.com.br
aligntech.com
affeam.com.br
prosaudeararas.com.br
oabma.org.br
fefumerj.com.br
sdimoveis.com.br
prover.com.br
aaceam.org.br
amfarma.com.br
Domínio 163.COM é conhecido e considerado válido.
grupopalmed.com.br
ibyte.com.br
atextelecom.com
adhoccontabil.com.br
leoplast.com
pex.com.br
tecnologica.com.br
outlook.sg
epm.br
amyrklink.com.br
resolucaocontabil.com.br
horusacabamentos.com.br
conesul.com.br
larifo.com.br
servis.com.br
juno.com
ay-mhore.com.br
vmpowersports.com.br
andradeassessoria.com.br
aluno.fbnovas.edu.br
viksul.com.br
franquiaenjoy.com.br
glaud.com
mil.com
brightbee.com.br
planejarcontabilidade.com.br
ufpr.br
avalentecontabilidade.cnt.br
dulub.com.br
anacirema.com.br
portoimobiliaria.imb.br
checkstock.com.br
gomes.com
sinafer.org.br
abeas.com.br
premiumreliance.com.br
allways.com
chemlub.com.br
bsrarquitectura.com
rmxcontabilidade.com.br
automind.com.br
renatacunhacorretora.com.br
raiadrogasil.com.br
mercurio.com
fkl.com.br
costaazul.imb.br
wide.com.br
jgmoveis.com.br
wpl.com.br
metalurgicamagalhaes.com.br
fujiclik.com.br
example.org
junaman.com
aslanet.com.br
nuclear.ufrj.br
masterhoteis.com.br
bakerhughes.com
comercialfennix.com.br
pemaza.com.br
solimarcontabilidade.com.br
caoa.com.br
volkswagen.com.br
netspeedmg.com.br
csi.com.br
almeidaealencar.adv.br
logicadaamazonia.com.br
transmundial.com.br
nutrin.com.br
mjcmusic.com.br
tpa.com.br
pcipower.com.br
kiamatriz.com.br
jupiter.com.br
sleeptime.com.br
martinsbarros.com
pmspa.rj.gov.br
volei.org.br
mns.com
juventus.com.br
seccon.com.br
vitlog.com.br
informacaocontabil.com.br
ifcs.ufrj.br
hotmao.com
safra.com.br
empresasmetro.com.br
leao.com.br
schver.com
realtools.com.br
lve.com
intercanalum.com.br
criabits.com.br
mpfa.com.br
tecproconstrucoes.com.br
aguiar.com
lamangaspain.com
mail.neonet.com.br
carlosassistencia.com.br
autopecasminuano.com.br
andrevizadvogados.com.br
medlarsaude.com.br
abbiegardner.com
deluponet.com.br
comshalom.org
semeato.com.br
ifes.edu.br
cassandre.com.br
hapivida.com.br
flaviamendes.com.br
dp-advisory.com
teclifeseguros.com.br
dumont.com.br
consertasmart.com
ichospitalar.com.br
em.com.br
familia.com.br
saga.art.br
utlook.com
cekat.com.br
isidorioebarreto.adv.br
hsizabel.com
breezenegocios.com.br
protower.com.br
vetorialnet.com.br
cjflash.com.br
vapinformatica.com.br
doormann.com.br
mmartan.com.br
johnsonfitness.com.br
agilicontabilidade.com.br
grupoipb.com.br
tecnitravel.com
unitedcar.com
mellochavesadvogados.com.br
psinet.com.br
tecsat.com.br
grupotriunfo.com.br
fer.com
autonorte.com.br
signmaker.com.br
avec.com.br
ingredion.com
phonak.com
medcenter.com
arno.com.br
classico-alphaville.com.br
danka.com.br
instrumentec.com.br
futeboltotal.com.br
osklen.com.br
artycapas.com.br
madseng.com.br
grupoduraes.com
imortal.com.br
t-systems.com.br
fmb.unesp.br
rabelo.com.br
srlog.com.br
fisica.ufc.br
comercialweb.com.br
construtoradallas.com.br
celbra.com.br
dynamo.com.br
piauifarma.com.br
brechatur.com
hotamail.com.br
zazlogistica.com.br
lmmoto.com.br
arqdigital.com.br
icloid.com
imoveisrj.com.br
referencialmanaus.com.br
asdaf.com
citi.com
lightrio.com.br
ancweb.com.br
natalamazonia.com.br
sinpef.org.br
targetlaw.com.br
piauiconsult.com
alvaro.com.br
viktoria.com.br
dmpromocoes.com.br
procede.com.br
email.it
lgx.com.br
formatto.com.br
conexao.com
copel.com
soselevadores.com.br
lokcenter.com.br
outloiok.com
herbarium.com.br
hotelpio.com.br
abavrio.com.br
hospitalmemorial-rj.com.br
podemos.org.br
serradigital.com.br
mpsg.adv.br
panet.com.br
crea-am.org.br
myway.com.br
gruposnambiental.com.br
atostelecom.com.br
al.pi.leg.br
usiesp.com.br
laborservicos.com.br
colegiomirasol.cl
mixiricaeventos.com.br
cepep.com.br
cvc.com.br
crea-rj.org.br
acquaterra.com.br
araraquara.sp.gov.br
gsnavlog.com.br
pousadadocapitao.net
jsmcontabilidade.srv.br
scania.com
tcvr.com.br
mariaangelim.com.br
krt.com.br
levi.com
isobar.com.br
ogochi.com.br
construtorarm.com
numericable.fr
guanabaraexpress.com.br
sendnet.com.br
descartecorreto.com.br
unilever.com
brinks.com
friday.ai
airparts.com.br
bwnet.com.br
uorak.com
ontechinformatica.com.br
lecrepe.com.br
tecnallab.com.br
infortread.com.br
numerareac.com.br
topwebsites.com.br
derosso.com.br
cbat.org.br
emailtown.club
sar.com.br
nsacontabil.com.br
nitmail.com.br
zegla.com.br
bex.tur.br
amazontrace.com.br
smcomercio.com
adventistas.com
acerteimobiliaria.com.br
fappes.edu.br
zpeparnaiba.com
mmarlin.com.br
lundbeck.com
cirurgicafontelles.com.br
ieg.org.br
voyagelog.com.br
farmaciaartesa.com.br
sedep.com.br
csfisiocenter.com.br
dbsistem.com.br
netnew.com.br
infortec.com.br
hoteldashortensias.com.br
gsoam.com.br
jakspel.com.br
vdkeller.com
fmvadv.com.br
alencarrebelo.com
coltec.com
shimonet.com.br
gasparerodrigues.com.br
reconcret.com.br
luzpublicidade.com.br
contermica.com.br
coelho.com.br
tupy.com.br
sonhodospes.com.br
idsnet.com.br
envoy.com.br
igui.com.br
yb.com.br
contabilidadern.com.br
sancalltelecom.com.br
teles.adv.br
gelatoegrano.com.br
trt14.jus.br
avalonlog.com.br
siaemic.com
universodaweb.com.br
coperseg.com.br
that.com.br
subsea7.com.br
impactocomunic.com
consplanltda.com.br
agenciageral.com.br
acrcontabil.com.br
luciacanelas.com.br
mariadomar.com.br
mbxti.com.br
cerforte.com.br
ormec.com.br
roder.com.br
ambiparsuprema.com
termaco.com.br
testaimoveis.com.br
reis.com.br
themas.com.br
modacolmeia.com
mfn.com
eq.ufrj.br
aiezza.com.br
intrinseca.com.br
icbeu.com
upnetix.com.br
brasiluzempresa.com.br
luciane.com.br
paiol.com.br
plastipack.com.br
serveporto.com.br
gormail.com
pousadadaprainha.com
jccbr.com
londrilimp.com.br
hormail.com.br
cepain.com.br
eran.com.br
convergecom.com.br
noroeste-am.com.br
sodine.com.br
mundoverde.com.br
pneudrive.com.br
minhavida.com.br
qualityservice.com
ferrazmoda.com
tecnopool.com.br
sgsistemas.com.br
klic.com.br
coc.com.br
gruposantosegurgel.com.br
tmsa.ind.br
almeida.com
tintaomanaus.com.br
gamail.com.com
royalplas.com.br
cidicom.com.br
visteon.com
jaraguaequipamentos.com
manikraft.com.br
pucsp.br
usinabelavista.com.br
fococidade.com.br
rio.rj.gov.br
adelinoalves.com.br
marinarionegro.com.br
am-ny.com
tekla.com
ngcontabilidade.com.br
finsol.com.br
oliveiraenergia.com.br
ache.com.br
colegioglauciacosta.com.br
jorlan.com
pressconsult.com.br
tivit.com.br
provisaotecnologia.com.br
mginfo.com.br
medisol.com.br
rodrigofranco.com
heimer.com.br
graftech.net.br
psicologia.ufrj.br
wi.com.br
imaginatto.com.br
embraer.com.br
shensufu.com
gmai.co
exemple.com
ligafutsal.com.br
flextronics.com
cega.com.br
saint-gobain.com.br
aclira.com.br
eletroforma.com.br
2016.com
colegioconnexus.com.br
novacasamanaus.com.br
outolok.com
cardumecoworking.com.br
pialuminio.com.br
att.net
inforlogia.com
litiara.com.br
callcenter.inf.br
comgas.com.br
opengate.com.br
espontanea.com.br
grupoietaam.com.br
outlolok.com
itcsp.com.br
servicontam.com.br
cabraliaeng.com.br
reali.srv.br
proderj.rj.gov.br
mmb2.com.br
ufpa.br
horizon.com
grupointer.com.br
gavilla.com.br
sabre.com.br
zirtaeb.com
radicalmail.com
fairccv.com.br
aurelionomura.com.br
brazil.zzn.com
brmail.com.br
sefaz.ba.gov.br
itaforte.com.br
itwebemidia.com.br
iemac.com.br
bonsucesso.com.br
transvialog.com.br
osmosqueteiros.com.br
cerp.com.br
colchaoonix.com.br
amostragem.com.br
visual.com.br
zip.net
gurgeldistribuidora.com.br
jotal.com.br
twi.com.br
martin-eng.com
clrmail.com
bahiacred.com
zortea.com.br
cabral.com
Domínio yahoo.com é conhecido e considerado válido.
gd7.com.br
triang.com.br
ibmemorial.org.br
osvigaristas.zzn.com
jetsand.com.br
installtec.eng.br
viaconstrutora.com
alfaebeto.org.br
acremaq.com.br
tce.pe.gov.br
revemar.com.br
cdgn.com.br
freitas.adv.br
perfilformaturas.com.br
gamal.com
econtal.com.br
spadope.com.br
celebrecontabil.com.br
ccinet.com.br
topprimeseguros.com.br
cimentobravo.com.br
goldlabel.com
acirp.com.br
colnet.com.br
virgilio.it
joelsoandrade.com.br
caesb.df.gov.br
ceupi.com.br
greencityveiculos.com.br
amazonews.com.br
montereal.com.br
clinicapsicocentro.com.br
transnet.com.br
otlok.com
limppo.com.br
newlife.com.br
jfdistribuidora.com.br
oticasavenida.com.br
riggoruniformes.com
phinfortelecom.com.br
campingcabreuva.com.br
sidia.com
mascia.com.br
diamanteagricola.com.br
tupan.com.br
fblimports.com
lumavale.com.br
riffel.com.br
carolimoveis.com.br
zipmail.com
resolveadministradora.com.br
3jeventos.com.br
deville.com.br
nanet.com.br
mercadaodosoculos.com.br
fiescnet.com.br
cetrel.com.br
error.com
tme.com.br
hp.com
santacruz.br
forthjardim.com.br
marticar.com.br
asfab.com.br
unesc.net
contadi.com.br
gailm.com
telucongelados.com.br
crystalpalace.com.br
grupogeraldooliveira.com.br
wasempresarial.com.br
decares.com.br
afcabral.com.br
colegiocentenario.com.br
agilequipamentos.com.br
canvas.com.br
deltanet.com.br
unigranrio.br
sbpc.org.br
carol.com.br
franciscoalencar.com.br
tjpa.jus.br
ive.com
portodasnaus.com.br
houstonsa.com.br
brasami.com.br
softhouse.com.br
msm.com
segurpro.com.br
grupotransagua.com.br
beckeresportes.com.br
helios.com.br
wiseup.com
adtradicional.com.br
solvi.com
crcsc.org.br
diagnostikacontabil.com.br
minas.com.br
gescon.net.br
pamorg.com.br
protenorte-am.com.br
gerencial.com.br
ame-sp.org.br
solenis.com
engeplus.com.br
ucdavis.edu
infodesigner.com.br
marcoshlins.com.br
leftcosmeticos.com.br
klabin.com
psdb.org.br
imagemconsultoria.com.br
5asec.com.br
mepar.com.br
paodeacucar.com.br
costaeparra.com.br
bravocafe.com.br
crq14.org.br
faculdadesmaringa.br
ribamartourinho.com.br
alfahotelteresina.com.br
ambientebrasil.com.br
montana.ind.br
provinciamarcas.com.br
csacopiadoras.com.br
credisis.com.br
cscj-pi.com.br
pm.me
maxbr.com.br
mundoblr.com.br
tim.com.br
dansul.com.br
msn.cn
klrentacar.com.br
shecap.com.br
ocorreio.com.br
gbonet.com.br
consorciovaltra.com.br
amaplast.com.br
tahitiseguros.com
copelcosmeticos.com.br
consiste.pt
qsm.com
concursos.com.br
restaurantesushibar.com.br
mardisa.com.br
credilink.com.br
interjato.com.br
campfer.com.br
arbovita.com.br
universoimovel.com.br
datamac.com.br
terramazonia.com.br
artnet.com
hotmail.com/edsonrobert10
executivasistemas.com.br
casaotoureiro.com.br
gahoo.com
bandequipamentos.com.br
3adistribuidora.com
khyi.com
pelmex.com.br
juntadeandalucia.es
up3consultoria.com.br
hebron.com.br
revistapolosdamodabrasil.com.br
outlook.com.ar
fimdomundo.net
g-email.com
liguesite.com.br
grandesertao.com.br
wizard.com.br
netexperts.com.br
allnations.com.br
hycon.eng.br
barufaldi.com.br
jabparticipacoes.com.br
anga.com.br
slainfo.com.br
simpless.srv.br
mill.com.br
ronet.com.br
laionce.com.br
excite.com
negreirossolucoes.com.br
icliud.com
gmauil.com
natm.com
cdn.com.br
yara.com
hnet.com.br
fmseguros.com.br
micropic.com.br
sovel.com.br
bellope.com.br
iavne.com.br
kbonet.com.br
sapatella.com.br
sequoialog.com.br
unb.org.br
expomidia.com.br
infochan.com
sistemagerencial.com.br
primeimpressos.com
yemail.com
pluralsaude.com.br
progent.com
celsoterra.com.br
ecomercial.com
dex.net.br
bmctintas.com.br
interdata.com.br
rodriges.com
tvlarmotos.com.br
fitlabvision.com.br
lnunes.com.br
mopp.com.br
amazonprev.am.gov.br
vivax.com
strategiaweb.com.br
davo.com.br
santarita.com.br
hotmcil.com
animaeventos.com
ifop.com
theresinahall.com.br
cwi.com.br
meil.com
dankine.com.br
advocaciacamargopenteado.com.br
inetminas.estaminas.com.br
gjmanut.com.br
pernambucoquimica.com.br
etikasolucoes.com.br
technicalfilter.com.br
ammac.com.br
provectus.com.br
cqcs.com.br
realin.com.br
ycloud.com
udopiaui.com.br
yandex.ru
llx.com
vat.com.br
manaus.com.br
live.co.uk
permontek.com.br
babyriodistribuidora.com.br
uts.edu.au
speedybrasil.com.br
johndeere.com
control.com.br
rubedo.psc.br
arraial.rj.gov.br
fivestarservices.com.br
osorionegociosimobiliarios.com.br
casadoscolchoes.com.br
geranet.com.br
bemweb.com.br
shop3d.com.br
chase.com
disdal.com.br
umanizzarebrasil.com.br
grupolider.com.br
vat.com
grupoinnovar.com.br
serconprev.com.br
jnet.com.br
wm.com.br
raimunda.com
bjfibra.com
airfree-rj.com.br
setpar.com.br
jr4000.com.br
portovel.com.br
anoticiadoam.com.br
pedroale.com
dimasfp.com.br
3com.com
intnet.com.br
mqx.com.br
stefanneholanda.com.br
havan.com.br
unisicoob.com.br
westpharma.com
conbral.com.br
centec-am.com.br
helpcon.com.br
centerbras.com.br
gconnect.com.br
grupomatheus.com
ricardowolf.com.br
bir.com.br
sandrofreitasadvogados.com.br
rscontabil-am.com.br
homenett.com.br
nitrotec.com.br
hagen.com.br
uniconte.com.br
targo.com.br
sintjam.org.br
icqmail.com
airliquide.com
oltlook.com
crd1.com.br
mckinsey.com
semptcl.com
unilider.com.br
crcmg.org.br
outtlok.com
eisapetroum.com.br
maisinternet.net
mendesmota.com
transbyshop.com.br
mobidick.com.br
samurai.com.br
jpmchase.com
iol.pt
cruzeironet.com.br
minalbabrasil.com.br
agmdistribuidora.com.br
termotecnica.ind.br
criarvidas.com
mestredaobralocacoes.com.br
racatransportes.com.br
tlen.pl
esolution.srv.br
contabilidadesuccess.com.br
vfvhospitalar.com.br
crcpi.org.br
drivepneus.com.br
microlink.com.br
bno.com.br
hotomail.com
cyberturbo.com.br
othon.com.br
gravia.com.br
psl.org.br
agroplanta.com.br
kfmateriaisdeconstrucoes.com.br
digicomdobrasil.com.br
retesp.com.br
vootransportes.com.br
wol.org
rpmrio.com.br
apcefpi.org.br
inter-fox.com
persontex.com.br
osmg.com
gafor.com.br
paroquiadelourdesthe.com.br
gmaiul.com
r2ti.com.br
prefixojeans.com.br
oticaspositiva.com
superonda.com.br
agenciabase.com.br
tecnologia1.com.br
clientes.com.br
tokamotobike.com.br
innovadistribuidora.com.br
msn.com.br
sec2.com.br
paulicred.com.br
mozcom.com
fecomercio-am.org.br
daraproducoes.com.br
italcam.com.br
autenticagrafica.com.br
graciela.com
amgi.com.br
amiga.com
melloecastro.com
gauchodochurrasco.com.br
mixcon.com.br
jksolucoes.com.br
performanceengenharia.com.br
cenamo.net
amazoncouros.com.br
lidis.com.br
yahoo.com.au
famarcondicionado.com.br
patriciaxavier.com
oabsp.org.br
hbinfo.com.br
agrolink.com.br
ibitipoca.tur.br
uem.br
lohrseguros.com.br
freepalacehotel.com.br
avis.com.br
sterilab.com.br
yahoo.com.br/carpas56
foxconn.com
nomelimpoagora.com
dsinforam.com.br
pu.ufrj.br
azo.com.br
dai.com
odontoshoppi.com
fecomercio-pi.org.br
diller.com.br
calsete.com.br
mdic.gov.br
optonline.net
corepiaui.org
spacenet.com.br
alphaworld.com.br
altavista.net
laboratorioantoniolobao.com.br
crefisa.com.br
sbu.org.br
linuxbr.com
f5promotora.com.br
control.eng.br
clickip.com.br
transportadoratransfe.com.br
cafemanaus.com.br
interteresina.com.br
levelup.br.com
vogh.com.br
laurel.com.br
zaitek.com.br
blockfire.com.br
xinguengenharia.com.br
mmassessoria.com
agoranarede.com.br
dabol.com.br
maxipaper.com.br
clubemilitar.com.br
useligas.com.br
teixeira.com.br
fnq.org.br
engemed.med.br
oil.com.br
worldramp.net
farmaciabotica.com.br
triunfoimoveis.com
metaimoveis.com.vc
sidon.com.br
vetorconstrucoes.com
elpaso.com
servenet.com.br
veleje.com
alubar.net
pontualcargas.com.br
splithome.com.br
faapatletas.com.br
dinacon.com.br
poliprintam.com.br
grupolemuel.com
imagemfolheados.com.br
cglimpeza.com.br
nautilus.com.br
futura.ws
artrinimportadora.com.br
portodemanaus.com.br
alocars.com
migalhas.com.br
colegioalfa.com.br
villagres.com.br
jarabe.com.br
prologam.com.br
serradacanastra.com.br
ameicanas.com
plusfarmapi.com.br
aeroar.com.br
mefelmateriais.com.br
servbrasil.com.br
bbpr.com
coutoecavalcante.adv.br
sos.com.br
meggasolar.com.br
grupocicopal.com.br
net1.com.br
icloude.com
progeorn.com.br
ipv6the.com
contabilidademc.com.br
voltecenergia.com
t-online.de
gemel.com
folhasp.com.br
redeservpro.com.br
daluvi.com
nortebag.com.br
antt.gov.br
pivotecia.com.br
sei-info.com
bhlink.com.br
fecomercio-rj.org.br
elkem.com
shoppinguberaba.com.br
objeto.com.br
grupoactus.com.br
intercityhoteis.com.br
idombosco.com.br
metacal.com.br
tape.com.br
auxiliadora.g12.br
amazonline.com.br
lenium.com.br
webzero.com.br
guiacidade.com.br
bocajuniorsbrasil.com.br
ajl.com.br
cialne.com.br
7mti.com.br
praj.net
tecmartransportes.com.br
cido.com.br
sasazaki.com.br
eletrodata.com.br
gmcnegocios.com.br
plasticopy.com.br
marchesan.com.br
alessandrolopesadvocacia.com
setelagoas.com.br
vertimoveis.com.br
sinav.org.br
juniper.net
weblan.com.br
dolcek.com
esferas.com.br
calcadaodospisos.com.br
brascobra.com.br
vusra.com
Domínio GMX.COM é conhecido e considerado válido.
grupofornecedora.com.br
folhadepagamento.com.br
primtel.com.br
fredao.com.br
dieboldnixdorf.com
americadrogarias.com.br
ceut.com.br
barraeyeclinic.com.br
ar2.com.br
iclaud.com
avesecia.com.br
usifam.com.br
seguros.com.br
conradeditora.com.br
rn.senac.br
planetachevrolet.com.br
caritas.org.br
zipseg.com
wavenetwork.com.br
live.cn
metallica.com
jandaia.com.br
carvalhorosa.adv.br
solumedi.com.br
azevedoalves.com.br
bauminas.com.br
imobiliary.com.br
russopisos.com.br
tlig.net
walmart.com
tre-ma.jus.br
takeshi.com.br
rebarba.com.br
oil.com
sincoplema.com.br
samsung.com.br
microlabmanaus.com.br
bal.com.br
phb.com.br
hipperquimica.com.br
recb.com.br
radiomorada.com.br
radioaliancaeterna.net
wbrnet.com.br
sectaengenharia.com.br
ft.com.br
myyahoo.com
mefisistema.com.br
jacanaimoveis.com.br
viadupla.com.br
hiend.com.br
prontocord.com.br
projeart.ind.br
kvbg.com.br
maua.sp.gov.br
amazonasenergia.com
perdigao.com.br
unsidiomas.com.br
prensasconemag.com.br
teles.com.br
manserv.com.br
triade.com.br
cidadefmmanaus.com.br
grafixdigital.com.br
inexh.com.br
grupoip.net.br
sulminas.com.br
lupatech.com.br
imobiliariasantaclara.com.br
pampack.com.br
bramagran.com.br
zais.com.br
sousacontabil.cnt.br
cabreraseguros.com.br
maildu.de
cigas-am.com.br
cefix.cl
culturainglesa.net
cagece.com.br
isomarins.com.br
sric.com.br
finatec.com.br
polychem.com.br
chesterhouseinn.com
bonnavitta.com
atp.eng.br
gruporecon.com
freenet.de
security24h.com.br
ferk.com.br
zaltanapescados.com.br
oximag.com
designcinco.com.br
trigital.com.br
decanter.com
corporatecareworks.com
bigfoot.com
jmacedo.com.br
millenniumshopping.com.br
marcoscardoso.adv.br
bioclin.com.br
qualityimovel.com.br
bios.com.br
brautoparts.com.br
asabrasil.org.br
adtsa.com.br
visum.com.br
super.com.br
agenciahunters.com
tecnopred.com.br
furlan.com
taurusservicos.com.br
flu.com.br
mlog.com.br
ugpe.am.gov.br
dalen.com.br
agenciabeemarketing.com.br
elisvaldocoelho.com.br
infoway.com.br
analia.com
gestaoapg.com.br
craneherb.com
thyssenkrupp.com
gustavorosa.arq.br
sinonsen.com
cosm.com
supermac-am.com.br
rc24x7.com
workshop.com.br
zmail.com
dompneus.com.br
hexion.com
plumascontabil.com.br
belles.com.br
jossf.com.br
indianhouse.com
incobrasa.com.br
jpuig.com
healthmedpi.com.br
glyphe.com
inviolavel.com
danturturismo.com.br
dlrepresentacoesrj.com.br
caesarpark.com.br
buziosexplorer.com.br
webcest.com.br
zanaflex.com.br
graficaclick.com.br
cnettelecom.net.br
cabreuva.sp.gov.br
pecorino.com.br
caseletronica.com.br
saojoaquim.online
yahoo.com.br.com
compuservicetec.com
semfiotelecom.com
epowermobilidade.com.br
randomdis.com
msm.com.br
bkservicos.com.br
inoxmanaus.com.br
uliano.com.br
thomas-lenz.de
ativalog.com.br
avanplas.com.br
hotmeio.com
wurth.com.br
giroradical.com.br
lemar.com.br
moradadejesus.org.br
rdnews.com.br
conjel.com.br
comercialdistak.com.br
basecontabil.com.br
icomontecnologia.com.br
natus.com.br
marinecorp.com.br
brasholanda.com.br
enosso.com.br
swissport.com
vrs.com.br
setut.com.br
moacyleal.adv.br
rivan.com.br
uninter.com
r2ooh.com.br
ncores.com.br
imobeasy.com
grupojl.com.br
brascopper.com.br
ami.com.br
hpam.com.br
yahii.com.br
betei.com.br
mssamazonia.com.br
thermoglass.com.br
ciadecin.com.br
televendas.com
np.com
oliveiraassessoriacontabil.com.br
leiteadvogados.com.br
taynan.com
reders.com.br
imgcabofrio.com.br
sansung.com
homtil.com
expressoguanabara.com.br
servopa.com.br
analuiza.com
apsen.com.br
gmill.com
contilnet.com.br
regomonteiro.com.br
portugal-rural.com
angeleti.com.br
htimail.com
insolitohotel.com
gratis.com.br
ninetech.com.br
carleane.com
redbull.com.br
tay.com
cmotos.com.br
copag.com.br
guarautos.com.br
poliferrophb.com.br
mapacomunicacao.com.br
kantoferramentaria.com.br
altovalemarmoraria.com.br
gcicom.net
rtengenharia.com
gmwil.com
edsonduarte.com.br
bipacel.com.br
alarmecia.com
figueira.top
norteferro.com.br
falcaoeoliveira.com.br
gestaoltda.com.br
muffato.com.br
roemer.com.br
cbcomercial.com.br
habiltec.com.br
resinar.com.br
icarus.com.br
fortune.com
siemens.com
rassini-nhk.com.br
gamim.com.com
vs2rep.com.br
normaambiental.com.br
hoken.com.br
gruponutricao.com.br
singularindustrial.com.br
projetoqgdaluta.com.br
germetec.com.br
aasp.org.br
garradistribuidora.com
multsaf.com.br
cti.com.br
linckmaquinas.com.br
cv.com
netpetropolis.com.br
grupovillela.com
attinghausen.com
terrasulagricola.com.br
emgea.gov.br
pcgplus.com
guiamais.com
meccaplast.com.br
lacer.com.br
tupa.sp.gov.br
e-skynet.com.br
intronet.com.br
indiodacosta.com
juizdeforaseg.com.br
certel.com.br
brasilbra.com
santiagocorretora.com.br
esporte.gov.br
materdeinet.com.br
seas.am.gov.br
cozinox.com.br
artemaior.com.br
tron-edu.com
packfilm.com.br
ficsa.com.br
safetyforyou.com.br
icatu.com.br
portosol.com
brasilvision.com.br
mcm.com.br
encontresuaviagem.com.br
abcz.org.br
tgtechseg.com.br
writeme.com
comolatti.com.br
procon.pa.gov.br
cyberspace.com.br
unirio.br
superqualidadeseguros.com.br
camasmie.com
bilhar.com.br
econometricainvest.com
evadin.com.br
ips.com.br
ferragensparaiba.com.br
svi-am.com.br
sadala.com.br
araujoabreu.com.br
cevalogistics.com
supervia.com.br
compuserve.com
malusanffer.com
origami.com.br
iracema.com
cetre.com.br
cec.com.br
expertsystem.com.br
foz.net
imaqam.com.br
egemaf.com.br
potyguara.com.br
gtel-sp.com.br
odontoplanalto.com.br
ecoeletric.com.br
oncoclinmanaus.com.br
geomaq.com.br
iclud.com
citraltda.com.br
plastimanaus.com.br
brt.com.br
w3propaganda.com.br
rodobens.com.br
motobel.com.br
fefisa.com.br
artek.com.br
fccsa.com.br
paulistano.com.br
studior2arquitetura.com
provale.com.br
ball.com
lumisconstrutora.com.br
fernandescorretora.com.br
suprimaq.com.br
satesol.com.br
stradaturismo.com.br
camelcargo.com.br
mljprime.com.br
uber.com.br
fvn.com.br
calltech.com.br
dicavalcante.com.br
artfestas.com.br
iodice.com.br
rioarteestetica.com.br
escolaparque.g12.br
keesecker.com
yellow.com
swingmotel.com.br
gama.com
zvieira.com.br
adaplan.com.br
sem.com.br
dsfnet.com.br
amazonia.fiocruz.br
sanet.com.br
terenet.com.br
cems-am.com.br
cebralog.com
segmetodo.com.br
hardsol.com.br
labcedro.com.br
kngimoveis.com
forumcob.com.br
hr-marcoconsultora.com
dimatex.com.br
amspecgroup.com
megao.com.br
inovearaxa.com.br
tratamentodeagua.com.br
4cta.eb.mil.br
acessoeducacional.com
premcell.com.br
pwm.com.br
vivara.com.br
tmo.com.br
softmalhas.com.br
aerovipviagens.com.br
intech-automacao.com.br
sportgrass.com.br
patrimonioweb.com.br
benmax.com.br
consplan.com.br
casadoeletricistadp.com.br
natware.net
produquim.com.br
hoti.com
arquitetura.arq.br
bcfadm.com.br
satelitenorte.com.br
unimedsantos.coop.br
outlook.it
igrejadapaz.com.br
technicolor.com
agilesolutions.com
telia.com
servicosurbanos.com
azulmarina.com.br
grupovanguarda.com.br
algartech.com
triarquia.com.br
riogrande-rs.com
infodesktop.com
daybrasil.com.br
eletroseg.com
milplan.com.br
difal.com.br
pepisico.com
bezerraoliveira.com.br
venturamarine.com.br
ipnet.com.br
churrasquinhomu.com.br
solistica.com
gtsmart.com.br
liberte.com.br
lideraviacao.com.br
publicita.ppg.br
sincovani.com.br
vemmorarmais.com.br
campos.com
sili.com.br
yamadacontabilidade.com.br
soarquivos.com.br
psturismo.com.br
moderna.com.br
kingston.com
unimedrio.com.br
omnibrasil.com.br
shopdope.com
cromocart.com.br
rjdistribuidora.com.br
portaldedicas.com.br
gimail.com.br
madriexpresslog.com.br
finaengenharia.com.br
hotmaail.com
drastosa.com.br
smartconn.com.br
graficawalter.com.br
e-servicerio.com.br
sherdog.com
celinaimoveis.com.br
west.com.br
inbrasil.ind.br
donadio.com.br
arnorte.com.br
lanchascoral.com.br
gsk.com
roadnet.com.br
adalbertovalle.com.br
fergel.com.br
tecnotelsistemas.com.br
nettur.com.br
manchaverde.com.br
andradas-net.com.br
seivanet.com.br
engeltech.eng.br
polenghi.com.br
hidroplusbrasil.com.br
milink.com.br
grupomagnolia.com.br
voegol.com.br
linharesequipamentos.com.br
bei.com.br
econtabilidade.com
volkswagen.com
sepelprojetos.com.br
daum.net
vegasa.com.br
acramturismo.com.br
abeu.com.br
naturalcamp.com.br
daliobraga.adm.br
giganto.com.br
patrimoniodi.com.br
tlpservicos.com.br
simonsen.br
voraztec.com.br
aesainvest.com.br
sanches.net
sepror.am.gov.br
brockerturismo.com.br
resultatecontabilidade.com.br
vitalambiental.com.br
lucioengenharia.com.br
alianzanet.com.br
hotmeil.com
ksaengenharia.com.br
hoptmail.com
sc.sebrae.com.br
imcal.com.br
faespsenar.com.br
fjm.adv.br
telesolucoes.com.br
pepsico.com
polimix.com.br
km.com.br
breitener.com.br
goutlook.com
primola.it
ebia.com.br
shaddaylabclinica.com.br
suzukimotos.com.br
prefeitura.sp.gov.br
delimanavegacao.com.br
marinaallsuites.com.br
chsimoveis.com.br
objeduc.com.br
beautiful.com.br
almeidanetoadv.com.br
madeira.com
ipb.org.br
infog2.com.br
powersoft.com.br
tcarinhoso.com.br
construtoravaledoparnaiba.com.br
livin.com
forusi.com.br
guaravita.com.br
vmail.com
logicinfo.com.br
webmz.com.br
datacontrol.com.br
itamaraty.gov.br
redlands.com.br
g3pi.com.br
copacol.com.br
fimm.com.br
99app.com
outcenter.com.br
branaeljoias.com.br
grupobanzeiro.com.br
clubedanutricionista.com.br
brcondos.com.br
modula.com.br
leal.com.br
flynet.com.br
duble.com
msarh.com.br
igrejarefugio.org.br
hotimal.com
apis.com.br
cdamax.com.br
thomazrabelo.com.br
hobbyleste.com.br
uniodontomao.com.br
includ.com
chroma.ppg.br
chkagents.com
imtcentral.com
centroconvencoesteresina.com.br
parceirodosempresarios.com.br
econoserv.com.br
aviationsvc.com
jornaldosindico.com.br
inspira-pr.com.br
mmeira.adv.br
triago.com.br
tecnocart.com.br
sical.com.br
cyclone.com.br
mtec.com.br
econtabilis.com
westinternet.com.br
oncomedica.com.br
customerconsultoria.com.br
institutohumanizar.com.br
movicarga.com.br
rede-solar.com
d2dsmarthome.com
metalfisa.com.br
bnbb.adv.br
gamai.com
produzoenergia.com.br
fundelta.com.br
telemikro.com.br
fazenda.rj.gov.br
grafisaam.com.br
btunet.com.br
mba-aco.com.br
baggiotecnologie.com
sebrae.com.br
cetac.com.br
argamassabrasil.com.br
congressesupdate.com.br
atlanticahotels.com.br
asinfo.com
unofarma.com
diproseg.com.br
solidez.com
transvmc.com.br
tvtem.com
odontosystem.com.br
cmmconstrutora.com.br
shopee.com
servitech-am.com.br
taurus.com.br
grupobimbo.com
pweb.com.br
dinisa.com.br
anthares.com.br
m2news.com.br
camda.com.br
vdv.com.br
utad.pt
clinicadagavea.com.br
reditocontabil.com.br
isf.com.br
agfa.com
cozinhatipica.com.br
likavel.com.br
laborengenharia.com
muralha.com.br
cruiser.com.br
apaepi.org.br
yahoo.com.tw
raiox.com.br
jspecas.com.br
lumartelecom.com.br
padraoengenharialtda.com.br
clinicapromulher.com.br
exclusivaimobiliaria.com.br
plotther.com
anhembi.br
baxter.com
amazonboat.com.br
uol.com.br
feres.com.br
enesa.com.br
sindeconpi.com.br
canada-english.com
kulturismo.com.br
rimucci.com.br
hitnet.com
aspmonitoramento.com.br
ginet.com.br
vilingerie.com.br
corbetta.tur.br
aguaviena.com.br
pucminas.br
seaoil.com.br
greenwichrelogios.com.br
pm.am.gov.br
sindcomteresina.com.br
meirafernandes.com.br
gamiil.com
toqueacampainha.com.br
superpesa.com.br
sv.com
vard.com
bbntelecom.com.br
adastra.com.br
camara.gov.br
medicalsuture.com.br
imoveisportugal.com.br
hiitech.com.br
game.com
naitech.com.br
mitinternet.com.br
clinhares.com.br
aossoftware.com.br
proamanaus.com.br
guiamanaus.com.br
terraplena.com.br
medeirosdistribuidora.com.br
simp.com.br
codau.com.br
anfip.org.br
ulbra.br
imicro.com.br
jmdespachos.com.br
executivaconsultoria.com
dolcevivere.com.br
cmse.eb.mil.br
jau.sp.gov.br
players.com.br
ccje.ufrj.br
iteci.com.br
acronis.com
psles.com
hondaoriental.com.br
prodam.am.gov.br
squitter.com
grupoldm.com.br
baeletrica.com.br
katerre.com.br
ciaga.mar.mil.br
sorocaba.com.br
homl.com
drogariaglobo.com
rafaelmarques.com.br
potencial.inf.br
sinaees.org.br
axialpar.com.br
otoclinicathe.com.br
sistenge.com.br
centershop.com
incomagri.com.br
sescoop-pi.coop.br
pur.ind.br
zagros.com.br
saocamilofortaleza.org.br
braspolo.com.br
maas.com.br
modaretro.com.br
starcontabilidade.com.br
rbseguros.com.br
lpnet.com.br
brjj.com.br
colegiomercurio.com.br
linostrambi.com.br
dejuris.com.br
romagnole.com.br
viverinc.com.br
aridesa.com.br
datacempro.com.br
orpecengenharia.com.br
viverespazio.com
portovelho.br
colormarc.com.br
hotelexpressarrey.com.br
cs4consultoria.com.br
escovassuissa.com.br
oela.org.br
lide.com
ambr.org.br
frugale.com.br
trendmkt.net.br
jairodepaula.com.br
sbea.org.br
beiraalta.ind.br
felberengenharia.com.br
ahol.com
oglinfor.com.br
poloniaimoveis.com.br
netwan.com.br
fenixmoveis.com.br
policarponeto.adv.br
antonio.com
monacodistribuidora.com.br
megacompany.com.br
outkook.com
selmec.com.br
optimate.com.br
desempenho.com.br
uainet.com.br
dgps.de
casembrapa.org.br
unicamp.br
sindipetrocaxias.org.br
g.commail.com
qualitech-am.com.br
hepta.eng.br
cremer.com.br
thiagobuenano.com.br
linkvoice.com.br
ventisol.com.br
vinhoeponto.com.br
iclold.com
ouropel.com.br
famsteel.com
caballeroerocha.com
iphan.gov.br
otulook.com
harman.com
dicasonline.com
prowebsistemas.com
duotech.com.br
kachani.com.br
odontocompany.com
boladeneve.com
2edespachos.com.br
vtal.com
sbfisica.org.br
respec.com.br
br2001.com.br
facilitmais.com.br
pragasurbanas.com
silvaleandro.com.br
salineira.com.br
mntb.org.br
diaridetarragona.com
eloylacerda.com.br
oticasoftalnorte.com.br
jsol.com.br
bcsul.com.br
cpb.com.br
mohmal.com
litoband.com.br
tricor.com.br
compugraf.com.br
pp.org.br
gmaiill.com
horamail.com
wanadoo.fr
gsurf.com.br
luzpublicidade.com
pachecoconsultoria.com.br
blackprintcartuchos.com.br
bioritmo.com.br
enind.com.br
ada.com.br
teresinashopping.com.br
emerson.com
lojasturmadamoda.com.br
endicon.com.br
rset.com
techne.com.br
laser.com.br
uvigo.es
jcdecaux.com
hvilar.com.br
teccyber.com.br
epcsol.com.br
mlservicee.com.br
tourshop.com.br
cacaushow.com.br
jsfflorestal.com.br
zulk.com.br
reisimoveis.com.br
grupocbo.com.br
maximumengenharia.com
itsonline.com.br
rondonet.com.br
loginlogistica.com.br
nwm.com.br
loganweb.com.br
parnaibacomercial.com.br
mirabeau.art.br
protmaster.com.br
imasters.com.br
adriano.eng.br
puertasdile.com
gmil.com.br
deloitte.com.br
pousadacaminhodomar.com.br
dcpaes.com.br
volvereinstituto.com
zantia.com
bil.com.br
venttos.com.br
rodriguescolchoes.com.br
euro.adm.br
isoldi.com.br
automaistv.com.br
loma.org
habile.com.br
desousa.com
amazonasdasorte.com.br
isac.org.br
mcevedacoes.com.br
primegrill.com.br
panelux.com.br
muraki.org.br
ppgia.pucpr.br
rg.com.br
volvo.com
futurofertil.com.br
gruponormatec.com.br
tempmail.us
inka.com.br
base.com.br
ezatta.com.br
tavtec.com.br
trevologistica.com.br
rochelli.com.br
cpa.com
analysisbrasil.com
jmorais.com
fecob.com.br
concorde.com.br
distribuidoradinamica.com.br
dnv.com
net11.com.br
servier.com
tacom.com.br
otimadistribuidora.com.br
vizinet.com.br
ubi.com.br
bussinger.com.br
oticaaespecialista.com.br
saga.com.br
flammacom.com.br
chsa.com.br
sifam.org.br
vaccinar.com.br
fpc.ba.gov.br
muraldavila.com.br
rihappy.com.br
unifort.com.br
cacss.com.br
plamentech.com
volkdobrasil.com.br
livee.com
